<?xml version="1.0" encoding="UTF-8"?>
<testng-results ignored="0" total="1" passed="1" failed="0" skipped="0">
  <reporter-output>
  </reporter-output>
  <suite started-at="2022-08-23T21:10:19 IST" name="Suite" finished-at="2022-08-23T21:10:22 IST" duration-ms="2923">
    <groups>
    </groups>
    <test started-at="2022-08-23T21:10:19 IST" name="Test" finished-at="2022-08-23T21:10:22 IST" duration-ms="2923">
      <class name="example.SimpleSeleniumScript">
        <test-method signature="launchTwitter()[pri:0, instance:example.SimpleSeleniumScript@6cf0e0ba]" started-at="2022-08-23T21:10:19 IST" name="launchTwitter" finished-at="2022-08-23T21:10:22 IST" duration-ms="2902" status="PASS">
          <reporter-output>
          </reporter-output>
        </test-method> <!-- launchTwitter -->
      </class> <!-- example.SimpleSeleniumScript -->
    </test> <!-- Test -->
  </suite> <!-- Suite -->
</testng-results>
