<?xml version="1.0" encoding="UTF-8"?>
<testng-results ignored="0" total="1" passed="1" failed="0" skipped="0">
  <reporter-output>
  </reporter-output>
  <suite started-at="2022-08-23T21:07:07 IST" name="Default suite" finished-at="2022-08-23T21:07:14 IST" duration-ms="6968">
    <groups>
    </groups>
    <test started-at="2022-08-23T21:07:07 IST" name="Default test" finished-at="2022-08-23T21:07:14 IST" duration-ms="6968">
      <class name="SimpleSeleniumScript">
        <test-method signature="launchTwitter()[pri:0, instance:SimpleSeleniumScript@6c779568]" started-at="2022-08-23T21:07:07 IST" name="launchTwitter" finished-at="2022-08-23T21:07:14 IST" duration-ms="6938" status="PASS">
          <reporter-output>
          </reporter-output>
        </test-method> <!-- launchTwitter -->
      </class> <!-- SimpleSeleniumScript -->
    </test> <!-- Default test -->
  </suite> <!-- Default suite -->
</testng-results>
