<?xml version="1.0" encoding="UTF-8"?>
<testng-results ignored="0" total="1" passed="1" failed="0" skipped="0">
  <reporter-output>
  </reporter-output>
  <suite started-at="2022-08-23T15:07:46 IST" name="Default suite" finished-at="2022-08-23T15:07:50 IST" duration-ms="3590">
    <groups>
    </groups>
    <test started-at="2022-08-23T15:07:46 IST" name="Default test" finished-at="2022-08-23T15:07:50 IST" duration-ms="3590">
      <class name="example.SimpleSeleniumScript">
        <test-method signature="launchTwitter()[pri:0, instance:example.SimpleSeleniumScript@6f27a732]" started-at="2022-08-23T15:07:46 IST" name="launchTwitter" finished-at="2022-08-23T15:07:50 IST" duration-ms="3563" status="PASS">
          <reporter-output>
          </reporter-output>
        </test-method> <!-- launchTwitter -->
      </class> <!-- example.SimpleSeleniumScript -->
    </test> <!-- Default test -->
  </suite> <!-- Default suite -->
</testng-results>
